build/app/outputs/mapping/release/seeds.txt
com.example.myappluciano.MainActivity
com.example.myappluciano.MainActivity: MainActivity()
...
kotlin.jvm.internal.CallableReference: java.lang.Object receiver
androidx.window.java.layout.WindowInfoTrackerCallbackAdapter: java.util.concurrent.locks.ReentrantLock lock
kotlin.coroutines.jvm.internal.ContinuationImpl: kotlin.coroutines.CoroutineContext _context
io.flutter.embedding.engine.renderer.SurfaceTextureWrapper: java.lang.Runnable onFrameConsumed
androidx.window.R$attr: int activityAction
androidx.window.embedding.SplitController: java.util.concurrent.locks.ReentrantLock globalLock
kotlinx.coroutines.internal.ThreadSafeHeap: int _size
io.flutter.embedding.engine.renderer.FlutterRenderer$ImageReaderSurfaceProducer: int requestedWidth
androidx.window.embedding.EmbeddingCompat: androidx.window.embedding.EmbeddingCompat$Companion Companion
io.flutter.plugins.GeneratedPluginRegistrant: java.lang.String TAG
androidx.window.java.layout.WindowInfoTrackerCallbackAdapter: androidx.window.layout.WindowInfoTracker tracker
androidx.window.layout.SidecarCompat$registerConfigurationChangeListener$configChangeObserver$1: androidx.window.layout.SidecarCompat this$0
io.flutter.embedding.engine.FlutterJNI: float displayDensity
io.flutter.embedding.engine.FlutterJNI: io.flutter.embedding.engine.FlutterJNI$AsyncWaitForVsyncDelegate asyncWaitForVsyncDelegate
io.flutter.embedding.engine.renderer.FlutterRenderer$ImageReaderSurfaceProducer: long lastDequeueTime
kotlinx.coroutines.DefaultExecutor: int debugStatus
androidx.window.embedding.SplitController: androidx.window.embedding.EmbeddingBackend embeddingBackend
androidx.window.layout.SidecarCompat$DistinctSidecarElementCallback: java.util.WeakHashMap mActivityWindowLayoutInfo
kotlinx.coroutines.EventLoopImplBase: java.lang.Object _queue
io.flutter.plugin.platform.SingleViewPresentation: android.content.Context outerContext
io.flutter.embedding.engine.FlutterJNI: java.util.Set flutterUiDisplayListeners
androidx.window.layout.ExtensionWindowLayoutInfoBackend: java.util.concurrent.locks.ReentrantLock extensionWindowBackendLock
androidx.window.embedding.EmbeddingCompat: androidx.window.extensions.embedding.ActivityEmbeddingComponent embeddingExtension
androidx.window.embedding.SplitPairRule: boolean finishSecondaryWithPrimary
kotlinx.coroutines.CancelledContinuation: int _resumed
androidx.window.layout.ActivityCompatHelperApi24: androidx.window.layout.ActivityCompatHelperApi24 INSTANCE
kotlinx.coroutines.internal.LockFreeLinkedListNode: java.lang.Object _next
kotlinx.coroutines.scheduling.CoroutineScheduler: int _isTerminated
androidx.window.R$styleable: int[] ActivityRule
io.flutter.embedding.engine.plugins.lifecycle.HiddenLifecycleReference: androidx.lifecycle.Lifecycle lifecycle
io.flutter.view.FlutterCallbackInformation: java.lang.String callbackLibraryPath
androidx.window.R$styleable: int SplitPairRule_splitMinWidth
androidx.window.layout.DisplayCompatHelperApi17: androidx.window.layout.DisplayCompatHelperApi17 INSTANCE
io.flutter.embedding.engine.mutatorsstack.FlutterMutatorsStack: android.graphics.Matrix finalMatrix
kotlinx.coroutines.DefaultExecutor: java.lang.Thread _thread
androidx.lifecycle.Lifecycle$Event: androidx.lifecycle.Lifecycle$Event ON_START
androidx.window.embedding.SplitRule: int layoutDirection
io.flutter.embedding.engine.renderer.FlutterRenderer$ImageReaderSurfaceProducer: boolean VERBOSE_LOGS
androidx.window.R$attr: int secondaryActivityAction
androidx.window.R$styleable: int ActivityFilter_activityAction
androidx.window.embedding.ActivityRule: java.util.Set filters
androidx.window.layout.WindowInfoTracker$Companion: androidx.window.layout.WindowInfoTracker$Companion $$INSTANCE
io.flutter.view.AccessibilityViewEmbedder: android.util.SparseArray flutterIdToOrigin
kotlinx.coroutines.CommonPool: java.util.concurrent.Executor pool
kotlinx.coroutines.CancellableContinuationImpl: int _decision
androidx.window.embedding.ActivityRule: boolean alwaysExpand
io.flutter.embedding.engine.FlutterJNI: java.lang.Long nativeShellHolderId