build/app/outputs/mapping/release/mapping.txt
# compiler: R8
# compiler_version: 8.7.14
# min_api: 21
# common_typos_disable
# {"id":"com.android.tools.r8.mapping","version":"2.2"}
# pg_map_id: 88bbbcd
# pg_map_hash: SHA-256 88bbbcd15e73bc03068ef26221bd9b0f45904be2a3e71d3c4d8e44fe1add6ee9
com.example.myappluciano.MainActivity -> com.example.myappluciano.MainActivity:
# {"id":"sourceFile","fileName":"MainActivity.kt"}
    1:4:void <init>():5:5 -> <init>
...
io.flutter.embedding.engine.renderer.FlutterRenderer -> io.flutter.embedding.engine.renderer.FlutterRenderer:
# {"id":"sourceFile","fileName":"FlutterRenderer.java"}
    io.flutter.embedding.engine.FlutterJNI flutterJNI -> a
    java.util.concurrent.atomic.AtomicLong nextTextureId -> b
    android.view.Surface surface -> c
    boolean isDisplayingFlutterUi -> d
    android.os.Handler handler -> e
    java.util.Set onTrimMemoryListeners -> f
    io.flutter.embedding.engine.renderer.FlutterUiDisplayListener flutterUiDisplayListener -> g
      # {"id":"com.android.tools.r8.residualsignature","signature":"Lio/flutter/embedding/engine/renderer/j;"}
    1:3:void <init>(io.flutter.embedding.engine.FlutterJNI):92:92 -> <init>
    4:13:void <init>(io.flutter.embedding.engine.FlutterJNI):69:69 -> <init>
    14:15:void <init>(io.flutter.embedding.engine.FlutterJNI):71:71 -> <init>
    16:22:void <init>(io.flutter.embedding.engine.FlutterJNI):72:72 -> <init>
    23:29:void <init>(io.flutter.embedding.engine.FlutterJNI):74:74 -> <init>
    30:36:void <init>(io.flutter.embedding.engine.FlutterJNI):78:78 -> <init>
    37:38:void <init>(io.flutter.embedding.engine.FlutterJNI):93:93 -> <init>
    39:42:void <init>(io.flutter.embedding.engine.FlutterJNI):94:94 -> <init>
    1:3:boolean access$002(io.flutter.embedding.engine.renderer.FlutterRenderer,boolean):55:55 -> a
    1:4:void access$100(io.flutter.embedding.engine.renderer.FlutterRenderer,long):55:55 -> b
io.flutter.embedding.engine.renderer.FlutterRenderer$1 -> io.flutter.embedding.engine.renderer.FlutterRenderer$a:
# {"id":"sourceFile","fileName":"FlutterRenderer.java"}
    io.flutter.embedding.engine.renderer.FlutterRenderer this$0 -> a
    1:6:void <init>(io.flutter.embedding.engine.renderer.FlutterRenderer):80:80 -> <init>
    1:7:void onFlutterUiDisplayed():83:83 -> d
    1:7:void onFlutterUiNoLongerDisplayed():88:88 -> f
io.flutter.embedding.engine.renderer.FlutterRenderer$DisplayFeature -> io.flutter.embedding.engine.renderer.FlutterRenderer$b:
# {"id":"sourceFile","fileName":"FlutterRenderer.java"}
    android.graphics.Rect bounds -> a
    io.flutter.embedding.engine.renderer.FlutterRenderer$DisplayFeatureType type -> b
      # {"id":"com.android.tools.r8.residualsignature","signature":"Lio/flutter/embedding/engine/renderer/FlutterRenderer$d;"}
    io.flutter.embedding.engine.renderer.FlutterRenderer$DisplayFeatureState state -> c
      # {"id":"com.android.tools.r8.residualsignature","signature":"Lio/flutter/embedding/engine/renderer/FlutterRenderer$c;"}
    1:4:void <init>(android.graphics.Rect,io.flutter.embedding.engine.renderer.FlutterRenderer$DisplayFeatureType,io.flutter.embedding.engine.renderer.FlutterRenderer$DisplayFeatureState):1299:1302 -> <init>
      # {"id":"com.android.tools.r8.residualsignature","signature":"(Landroid/graphics/Rect;Lio/flutter/embedding/engine/renderer/FlutterRenderer$d;Lio/flutter/embedding/engine/renderer/FlutterRenderer$c;)V"}
    5:8:void <init>(android.graphics.Rect,io.flutter.embedding.engine.renderer.FlutterRenderer$DisplayFeatureType):1305:1308 -> <init>
      # {"id":"com.android.tools.r8.residualsignature","signature":"(Landroid/graphics/Rect;Lio/flutter/embedding/engine/renderer/FlutterRenderer$d;)V"}