build/app/outputs/mapping/release/usage.txt
com.example.myappluciano.R$drawable
com.example.myappluciano.R$mipmap
com.example.myappluciano.R$style
com.example.myappluciano.R
...
kotlinx.coroutines.CopyableThrowable
kotlinx.coroutines.CoroutineContextKt$$InternalSyntheticThrowCCEIfNotNull$7$5569582777507d4d7fe62d23d961118334e1e9c4c63eadc907f5f42be70b4b0a$0
kotlinx.coroutines.CoroutineContextKt$$InternalSyntheticThrowCCEIfNotNull$7$8f55693a02a94c3ba7b7e175a53b47021f3a45f124a252a4722ac88e77aaa17d$0
kotlinx.coroutines.CoroutineId$$InternalSyntheticBackport$1$2b7cb1301806cb43cf4d42689484004904fc70136481df3bae2bf06fdcc87183$0
kotlinx.coroutines.CoroutineId$$InternalSyntheticThrowCCEIfNotNull$9$db4fcf294f73e0414b61d779f72a560fad56831e560e6b71def36fecaf64a8d1$0
kotlinx.coroutines.CoroutineId$Key
kotlinx.coroutines.CoroutineId
kotlinx.coroutines.CoroutineName$Key
kotlinx.coroutines.CoroutineName
kotlinx.coroutines.DebugKt
kotlinx.coroutines.DispatchedCoroutine
kotlinx.coroutines.DispatcherExecutor
kotlinx.coroutines.EventLoopImplBase$$InternalSyntheticBackportWithForwarding$1$41584d111b6398d0c54d1cbc869fe425dcf15ba508b6b2b7ac814020f3e97094$0
kotlinx.coroutines.EventLoopImplBase$DelayedTask
kotlinx.coroutines.EventLoopImplBase$DelayedTaskQueue:
    public long timeNow
    public void <init>(long)
kotlinx.coroutines.EventLoopImplBase:
    public final void schedule(long,kotlinx.coroutines.EventLoopImplBase$DelayedTask)
    private final int scheduleImpl(long,kotlinx.coroutines.EventLoopImplBase$DelayedTask)
    private final boolean shouldUnpark(kotlinx.coroutines.EventLoopImplBase$DelayedTask)
kotlinx.coroutines.EventLoopImplPlatform:
    protected final void reschedule(long,kotlinx.coroutines.EventLoopImplBase$DelayedTask)
kotlinx.coroutines.ExecutorsKt$$InternalSyntheticThrowCCEIfNotNull$7$4663914de461212d49716dee37c2f585e21e5b9801437c6d07ea6102315c626d$0
kotlinx.coroutines.JobCancellationException:
    public synthetic bridge java.lang.Throwable createCopy()
    public kotlinx.coroutines.JobCancellationException createCopy()
kotlinx.coroutines.NodeList:
    public final java.lang.String getString(java.lang.String)
kotlinx.coroutines.TimeoutCancellationException
kotlinx.coroutines.UndispatchedCoroutine:
    public abstract boolean clearThreadContext()
    public abstract void saveThreadContext(kotlin.coroutines.CoroutineContext,java.lang.Object)
kotlinx.coroutines.YieldContext:
    public boolean dispatcherWasUnconfined
kotlinx.coroutines.channels.AbstractChannel$Itr$$InternalSyntheticThrowCCEIfNotNull$7$b173752f7825944aed8af38a3ad40a6fa99b80c3084871450d4da9e39d638602$0
kotlinx.coroutines.channels.AbstractChannel$Itr$$InternalSyntheticThrowCCEIfNotNull$7$dce1dffee099d166778a52947661595fa104d1cec87708b21b22eb5340a88562$0
kotlinx.coroutines.channels.AbstractChannel$Itr$$InternalSyntheticThrowCCEIfNotNull$7$dce1dffee099d166778a52947661595fa104d1cec87708b21b22eb5340a88562$1
kotlinx.coroutines.channels.AbstractChannel$Itr$$InternalSyntheticThrowCCEIfNotNull$9$eec273ef0b1460ed17ff2f0a3273893cc1dacb23481c1f0bec2dbb86ec7b66cf$0
kotlinx.coroutines.channels.AbstractChannel$Itr$$InternalSyntheticThrowCCEIfNotNull$9$eec273ef0b1460ed17ff2f0a3273893cc1dacb23481c1f0bec2dbb86ec7b66cf$1
kotlinx.coroutines.channels.AbstractChannel$ReceiveHasNext:
    public void resumeReceiveClosed(kotlinx.coroutines.channels.Closed)
kotlinx.coroutines.channels.AbstractSendChannel$$InternalSyntheticThrowCCEIfNotNull$7$ba35e02af8b38db1d35458e175b73baef1de37380552d247db3453f21cd8a4a4$0
kotlinx.coroutines.channels.AbstractSendChannel$$InternalSyntheticThrowCCEIfNotNull$7$f3a840e4ef9a3ed70e7a1f8a3993227edb72387b0f3b80a66678a467d6d44790$0
kotlinx.coroutines.channels.AbstractSendChannel:
    private final void helpClose(kotlinx.coroutines.channels.Closed)
    private final java.lang.Throwable helpCloseAndGetSendException(kotlinx.coroutines.channels.Closed)
    protected void onClosedIdempotent(kotlinx.coroutines.internal.LockFreeLinkedListNode)
kotlinx.coroutines.channels.ChannelResult$Closed
kotlinx.coroutines.channels.ChannelResult$Companion:
    public final java.lang.Object closed-JP2dKIU(java.lang.Throwable)